---------------------------------------------------------------
[2020-09-25T09:09:46+08:00] 127.0.0.1 GET www.mystore.com/
[运行时间：0.349669s] [吞吐率：2.86req/s] [内存消耗：4,053.51kb] [文件加载：82]
[ info ] [ LANG ] D:\phpstudy_pro\WWW\watchstore\thinkphp\lang\zh-cn.php
[ info ] [ ROUTE ] array (
)
[ info ] [ HEADER ] array (
  'accept-language' => 'zh-CN,zh;q=0.9,en;q=0.8,zh-TW;q=0.7',
  'accept-encoding' => 'gzip, deflate',
  'accept' => 'text/html,application/xhtml+xml,application/xml;q=0.9,image/avif,image/webp,image/apng,*/*;q=0.8,application/signed-exchange;v=b3;q=0.9',
  'user-agent' => 'Mozilla/5.0 (Windows NT 10.0; Win64; x64) AppleWebKit/537.36 (KHTML, like Gecko) Chrome/85.0.4183.121 Safari/537.36',
  'upgrade-insecure-requests' => '1',
  'connection' => 'close',
  'host' => 'www.mystore.com',
)
[ info ] [ PARAM ] array (
)
[ info ] [ DB ] INIT mysql
[ info ] [ VIEW ] D:\phpstudy_pro\WWW\watchstore\application\index\view\index\index.html [ array (
  0 => 'randWatch',
  1 => 'featureOne',
  2 => 'featureTwo',
  3 => 'type',
  4 => 'watches',
) ]
[ sql ] [ DB ] CONNECT:[ UseTime:0.012671s ] mysql:host=127.0.0.1;port=3306;dbname=watchstore;charset=utf8
[ sql ] [ SQL ] SHOW COLUMNS FROM `watch` [ RunTime:0.024224s ]
[ sql ] [ SQL ] SELECT * FROM `watch` ORDER BY rand() LIMIT 1 [ RunTime:0.005292s ]
[ sql ] [ SQL ] SELECT * FROM `watch` ORDER BY rand() LIMIT 10 [ RunTime:0.001049s ]
[ sql ] [ SQL ] SELECT * FROM `watch` ORDER BY rand() LIMIT 10 [ RunTime:0.000745s ]
[ sql ] [ SQL ] SELECT * FROM `watch` ORDER BY `date` DESC LIMIT 10 [ RunTime:0.000989s ]
---------------------------------------------------------------
[2020-09-25T09:09:46+08:00] 127.0.0.1 POST www.mystore.com/watch_header
[运行时间：0.071205s] [吞吐率：14.04req/s] [内存消耗：3,363.90kb] [文件加载：76]
[ info ] [ LANG ] D:\phpstudy_pro\WWW\watchstore\thinkphp\lang\zh-cn.php
[ info ] [ ROUTE ] array (
  'rule' => 'watch_header',
  'route' => 'product/product/watch_header',
  'option' => 
  array (
    'merge_rule_regex' => false,
  ),
  'var' => 
  array (
  ),
)
[ info ] [ HEADER ] array (
  'cookie' => 'PHPSESSID=0bpbn24jn0cs79l9r85bniej2a',
  'accept-language' => 'zh-CN,zh;q=0.9,en;q=0.8,zh-TW;q=0.7',
  'accept-encoding' => 'gzip, deflate',
  'referer' => 'http://www.mystore.com/',
  'origin' => 'http://www.mystore.com',
  'x-requested-with' => 'XMLHttpRequest',
  'user-agent' => 'Mozilla/5.0 (Windows NT 10.0; Win64; x64) AppleWebKit/537.36 (KHTML, like Gecko) Chrome/85.0.4183.121 Safari/537.36',
  'accept' => '*/*',
  'content-length' => '0',
  'connection' => 'close',
  'host' => 'www.mystore.com',
)
[ info ] [ PARAM ] array (
)
[ info ] [ DB ] INIT mysql
[ sql ] [ DB ] CONNECT:[ UseTime:0.001185s ] mysql:host=127.0.0.1;port=3306;dbname=watchstore;charset=utf8
[ sql ] [ SQL ] SHOW COLUMNS FROM `watch` [ RunTime:0.002319s ]
[ sql ] [ SQL ] SELECT DISTINCT  `type` FROM `watch` LIMIT 4 [ RunTime:0.001097s ]
[ sql ] [ SQL ] SELECT `bname`,`bid` FROM `watch` WHERE  `type` = '电子表' [ RunTime:0.001116s ]
[ sql ] [ SQL ] SELECT `bname`,`bid` FROM `watch` WHERE  `type` = '石英表' [ RunTime:0.001272s ]
[ sql ] [ SQL ] SELECT `bname`,`bid` FROM `watch` WHERE  `type` = '机械表' [ RunTime:0.000519s ]
[ sql ] [ SQL ] SELECT `bname`,`bid` FROM `watch` WHERE  `type` = '智能手表' [ RunTime:0.000439s ]
[ sql ] [ SQL ] SELECT DISTINCT  `type` FROM `watch` LIMIT 4 [ RunTime:0.000531s ]
[ sql ] [ SQL ] SELECT `bname`,`bid`,`date` FROM `watch` WHERE  `type` = '电子表' ORDER BY `date` DESC [ RunTime:0.000554s ]
[ sql ] [ SQL ] SELECT `bname`,`bid`,`date` FROM `watch` WHERE  `type` = '石英表' ORDER BY `date` DESC [ RunTime:0.000509s ]
[ sql ] [ SQL ] SELECT `bname`,`bid`,`date` FROM `watch` WHERE  `type` = '机械表' ORDER BY `date` DESC [ RunTime:0.000518s ]
[ sql ] [ SQL ] SELECT `bname`,`bid`,`date` FROM `watch` WHERE  `type` = '智能手表' ORDER BY `date` DESC [ RunTime:0.000471s ]
[ sql ] [ SQL ] SELECT DISTINCT  `type` FROM `watch` LIMIT 3 [ RunTime:0.000465s ]
[ sql ] [ SQL ] SELECT `bname`,`bid`,`sell` FROM `watch` WHERE  `type` = '电子表' ORDER BY `sell` DESC [ RunTime:0.000512s ]
[ sql ] [ SQL ] SELECT `bname`,`bid`,`sell` FROM `watch` WHERE  `type` = '石英表' ORDER BY `sell` DESC [ RunTime:0.000597s ]
[ sql ] [ SQL ] SELECT `bname`,`bid`,`sell` FROM `watch` WHERE  `type` = '机械表' ORDER BY `sell` DESC [ RunTime:0.000571s ]
---------------------------------------------------------------
[2020-09-25T09:09:47+08:00] 127.0.0.1 POST www.mystore.com/get_cart_info
[运行时间：0.034121s] [吞吐率：29.31req/s] [内存消耗：2,006.93kb] [文件加载：63]
[ info ] [ LANG ] D:\phpstudy_pro\WWW\watchstore\thinkphp\lang\zh-cn.php
[ info ] [ ROUTE ] array (
  'rule' => 'get_cart_info',
  'route' => 'product/product/get_cart_info',
  'option' => 
  array (
    'merge_rule_regex' => false,
  ),
  'var' => 
  array (
  ),
)
[ info ] [ HEADER ] array (
  'cookie' => 'PHPSESSID=0bpbn24jn0cs79l9r85bniej2a',
  'accept-language' => 'zh-CN,zh;q=0.9,en;q=0.8,zh-TW;q=0.7',
  'accept-encoding' => 'gzip, deflate',
  'referer' => 'http://www.mystore.com/',
  'origin' => 'http://www.mystore.com',
  'x-requested-with' => 'XMLHttpRequest',
  'user-agent' => 'Mozilla/5.0 (Windows NT 10.0; Win64; x64) AppleWebKit/537.36 (KHTML, like Gecko) Chrome/85.0.4183.121 Safari/537.36',
  'accept' => '*/*',
  'content-length' => '0',
  'connection' => 'close',
  'host' => 'www.mystore.com',
)
[ info ] [ PARAM ] array (
)
---------------------------------------------------------------
[2020-09-25T09:09:47+08:00] 127.0.0.1 GET www.mystore.com/upload/img/undefined
[运行时间：0.035249s] [吞吐率：28.37req/s] [内存消耗：1,619.92kb] [文件加载：53]
[ info ] [ LANG ] D:\phpstudy_pro\WWW\watchstore\thinkphp\lang\zh-cn.php
---------------------------------------------------------------
[2020-09-25T09:09:48+08:00] 127.0.0.1 GET www.mystore.com/public/static/product/images/favicon.png
[运行时间：0.031754s] [吞吐率：31.49req/s] [内存消耗：1,532.76kb] [文件加载：52]
[ info ] [ LANG ] D:\phpstudy_pro\WWW\watchstore\thinkphp\lang\zh-cn.php
---------------------------------------------------------------
[2020-09-25T09:09:51+08:00] 127.0.0.1 GET www.mystore.com/show_login
[运行时间：1.723642s] [吞吐率：0.58req/s] [内存消耗：2,248.37kb] [文件加载：66]
[ info ] [ LANG ] D:\phpstudy_pro\WWW\watchstore\thinkphp\lang\zh-cn.php
[ info ] [ ROUTE ] array (
  'rule' => 'show_login',
  'route' => 'user/user/show_login',
  'option' => 
  array (
    'merge_rule_regex' => false,
  ),
  'var' => 
  array (
  ),
)
[ info ] [ HEADER ] array (
  'cookie' => 'PHPSESSID=0bpbn24jn0cs79l9r85bniej2a',
  'accept-language' => 'zh-CN,zh;q=0.9,en;q=0.8,zh-TW;q=0.7',
  'accept-encoding' => 'gzip, deflate',
  'referer' => 'http://www.mystore.com/',
  'accept' => 'text/html,application/xhtml+xml,application/xml;q=0.9,image/avif,image/webp,image/apng,*/*;q=0.8,application/signed-exchange;v=b3;q=0.9',
  'user-agent' => 'Mozilla/5.0 (Windows NT 10.0; Win64; x64) AppleWebKit/537.36 (KHTML, like Gecko) Chrome/85.0.4183.121 Safari/537.36',
  'upgrade-insecure-requests' => '1',
  'connection' => 'close',
  'host' => 'www.mystore.com',
)
[ info ] [ PARAM ] array (
)
[ info ] [ VIEW ] D:\phpstudy_pro\WWW\watchstore\application\user\view\user\login.html [ array (
) ]
---------------------------------------------------------------
[2020-09-25T09:09:52+08:00] 127.0.0.1 GET www.mystore.com/captcha
[运行时间：0.155553s] [吞吐率：6.43req/s] [内存消耗：1,519.26kb] [文件加载：53]
[ info ] [ LANG ] D:\phpstudy_pro\WWW\watchstore\thinkphp\lang\zh-cn.php
[ info ] [ ROUTE ] array (
  'rule' => 'captcha/<id?>',
  'route' => '\\think\\captcha\\CaptchaController@index',
  'option' => 
  array (
    'merge_rule_regex' => false,
  ),
  'var' => 
  array (
  ),
)
[ info ] [ HEADER ] array (
  'cookie' => 'PHPSESSID=0bpbn24jn0cs79l9r85bniej2a',
  'accept-language' => 'zh-CN,zh;q=0.9,en;q=0.8,zh-TW;q=0.7',
  'accept-encoding' => 'gzip, deflate',
  'referer' => 'http://www.mystore.com/show_login',
  'accept' => 'image/avif,image/webp,image/apng,image/*,*/*;q=0.8',
  'user-agent' => 'Mozilla/5.0 (Windows NT 10.0; Win64; x64) AppleWebKit/537.36 (KHTML, like Gecko) Chrome/85.0.4183.121 Safari/537.36',
  'connection' => 'close',
  'host' => 'www.mystore.com',
)
[ info ] [ PARAM ] array (
)
---------------------------------------------------------------
[2020-09-25T09:09:53+08:00] 127.0.0.1 POST www.mystore.com/get_cart_info
[运行时间：0.073858s] [吞吐率：13.54req/s] [内存消耗：2,007.98kb] [文件加载：63]
[ info ] [ LANG ] D:\phpstudy_pro\WWW\watchstore\thinkphp\lang\zh-cn.php
[ info ] [ ROUTE ] array (
  'rule' => 'get_cart_info',
  'route' => 'product/product/get_cart_info',
  'option' => 
  array (
    'merge_rule_regex' => false,
  ),
  'var' => 
  array (
  ),
)
[ info ] [ HEADER ] array (
  'cookie' => 'PHPSESSID=0bpbn24jn0cs79l9r85bniej2a',
  'accept-language' => 'zh-CN,zh;q=0.9,en;q=0.8,zh-TW;q=0.7',
  'accept-encoding' => 'gzip, deflate',
  'referer' => 'http://www.mystore.com/show_login',
  'origin' => 'http://www.mystore.com',
  'x-requested-with' => 'XMLHttpRequest',
  'user-agent' => 'Mozilla/5.0 (Windows NT 10.0; Win64; x64) AppleWebKit/537.36 (KHTML, like Gecko) Chrome/85.0.4183.121 Safari/537.36',
  'accept' => '*/*',
  'content-length' => '0',
  'connection' => 'close',
  'host' => 'www.mystore.com',
)
[ info ] [ PARAM ] array (
)
---------------------------------------------------------------
[2020-09-25T09:09:53+08:00] 127.0.0.1 POST www.mystore.com/watch_header
[运行时间：0.352603s] [吞吐率：2.84req/s] [内存消耗：3,363.91kb] [文件加载：76]
[ info ] [ LANG ] D:\phpstudy_pro\WWW\watchstore\thinkphp\lang\zh-cn.php
[ info ] [ ROUTE ] array (
  'rule' => 'watch_header',
  'route' => 'product/product/watch_header',
  'option' => 
  array (
    'merge_rule_regex' => false,
  ),
  'var' => 
  array (
  ),
)
[ info ] [ HEADER ] array (
  'cookie' => 'PHPSESSID=0bpbn24jn0cs79l9r85bniej2a',
  'accept-language' => 'zh-CN,zh;q=0.9,en;q=0.8,zh-TW;q=0.7',
  'accept-encoding' => 'gzip, deflate',
  'referer' => 'http://www.mystore.com/show_login',
  'origin' => 'http://www.mystore.com',
  'x-requested-with' => 'XMLHttpRequest',
  'user-agent' => 'Mozilla/5.0 (Windows NT 10.0; Win64; x64) AppleWebKit/537.36 (KHTML, like Gecko) Chrome/85.0.4183.121 Safari/537.36',
  'accept' => '*/*',
  'content-length' => '0',
  'connection' => 'close',
  'host' => 'www.mystore.com',
)
[ info ] [ PARAM ] array (
)
[ info ] [ DB ] INIT mysql
[ sql ] [ DB ] CONNECT:[ UseTime:0.001547s ] mysql:host=127.0.0.1;port=3306;dbname=watchstore;charset=utf8
[ sql ] [ SQL ] SHOW COLUMNS FROM `watch` [ RunTime:0.002277s ]
[ sql ] [ SQL ] SELECT DISTINCT  `type` FROM `watch` LIMIT 4 [ RunTime:0.000627s ]
[ sql ] [ SQL ] SELECT `bname`,`bid` FROM `watch` WHERE  `type` = '电子表' [ RunTime:0.000653s ]
[ sql ] [ SQL ] SELECT `bname`,`bid` FROM `watch` WHERE  `type` = '石英表' [ RunTime:0.000520s ]
[ sql ] [ SQL ] SELECT `bname`,`bid` FROM `watch` WHERE  `type` = '机械表' [ RunTime:0.000529s ]
[ sql ] [ SQL ] SELECT `bname`,`bid` FROM `watch` WHERE  `type` = '智能手表' [ RunTime:0.000518s ]
[ sql ] [ SQL ] SELECT DISTINCT  `type` FROM `watch` LIMIT 4 [ RunTime:0.000556s ]
[ sql ] [ SQL ] SELECT `bname`,`bid`,`date` FROM `watch` WHERE  `type` = '电子表' ORDER BY `date` DESC [ RunTime:0.000584s ]
[ sql ] [ SQL ] SELECT `bname`,`bid`,`date` FROM `watch` WHERE  `type` = '石英表' ORDER BY `date` DESC [ RunTime:0.000560s ]
[ sql ] [ SQL ] SELECT `bname`,`bid`,`date` FROM `watch` WHERE  `type` = '机械表' ORDER BY `date` DESC [ RunTime:0.000569s ]
[ sql ] [ SQL ] SELECT `bname`,`bid`,`date` FROM `watch` WHERE  `type` = '智能手表' ORDER BY `date` DESC [ RunTime:0.000545s ]
[ sql ] [ SQL ] SELECT DISTINCT  `type` FROM `watch` LIMIT 3 [ RunTime:0.000532s ]
[ sql ] [ SQL ] SELECT `bname`,`bid`,`sell` FROM `watch` WHERE  `type` = '电子表' ORDER BY `sell` DESC [ RunTime:0.000585s ]
[ sql ] [ SQL ] SELECT `bname`,`bid`,`sell` FROM `watch` WHERE  `type` = '石英表' ORDER BY `sell` DESC [ RunTime:0.000558s ]
[ sql ] [ SQL ] SELECT `bname`,`bid`,`sell` FROM `watch` WHERE  `type` = '机械表' ORDER BY `sell` DESC [ RunTime:0.000571s ]
---------------------------------------------------------------
[2020-09-25T09:09:59+08:00] 127.0.0.1 GET www.mystore.com/captcha?rand=1600996199
[运行时间：0.038015s] [吞吐率：26.31req/s] [内存消耗：1,519.78kb] [文件加载：53]
[ info ] [ LANG ] D:\phpstudy_pro\WWW\watchstore\thinkphp\lang\zh-cn.php
[ info ] [ ROUTE ] array (
  'rule' => 'captcha/<id?>',
  'route' => '\\think\\captcha\\CaptchaController@index',
  'option' => 
  array (
    'merge_rule_regex' => false,
  ),
  'var' => 
  array (
  ),
)
[ info ] [ HEADER ] array (
  'cookie' => 'PHPSESSID=0bpbn24jn0cs79l9r85bniej2a',
  'accept-language' => 'zh-CN,zh;q=0.9,en;q=0.8,zh-TW;q=0.7',
  'accept-encoding' => 'gzip, deflate',
  'referer' => 'http://www.mystore.com/show_login',
  'accept' => 'image/avif,image/webp,image/apng,image/*,*/*;q=0.8',
  'user-agent' => 'Mozilla/5.0 (Windows NT 10.0; Win64; x64) AppleWebKit/537.36 (KHTML, like Gecko) Chrome/85.0.4183.121 Safari/537.36',
  'connection' => 'close',
  'host' => 'www.mystore.com',
)
[ info ] [ PARAM ] array (
  'rand' => '1600996199',
)
---------------------------------------------------------------
[2020-09-25T09:10:02+08:00] 127.0.0.1 GET www.mystore.com/captcha?rand=1600996202
[运行时间：0.037030s] [吞吐率：27.01req/s] [内存消耗：1,519.78kb] [文件加载：53]
[ info ] [ LANG ] D:\phpstudy_pro\WWW\watchstore\thinkphp\lang\zh-cn.php
[ info ] [ ROUTE ] array (
  'rule' => 'captcha/<id?>',
  'route' => '\\think\\captcha\\CaptchaController@index',
  'option' => 
  array (
    'merge_rule_regex' => false,
  ),
  'var' => 
  array (
  ),
)
[ info ] [ HEADER ] array (
  'cookie' => 'PHPSESSID=0bpbn24jn0cs79l9r85bniej2a',
  'accept-language' => 'zh-CN,zh;q=0.9,en;q=0.8,zh-TW;q=0.7',
  'accept-encoding' => 'gzip, deflate',
  'referer' => 'http://www.mystore.com/show_login',
  'accept' => 'image/avif,image/webp,image/apng,image/*,*/*;q=0.8',
  'user-agent' => 'Mozilla/5.0 (Windows NT 10.0; Win64; x64) AppleWebKit/537.36 (KHTML, like Gecko) Chrome/85.0.4183.121 Safari/537.36',
  'connection' => 'close',
  'host' => 'www.mystore.com',
)
[ info ] [ PARAM ] array (
  'rand' => '1600996202',
)
---------------------------------------------------------------
[2020-09-25T09:10:03+08:00] 127.0.0.1 GET www.mystore.com/captcha?rand=1600996203
[运行时间：0.037193s] [吞吐率：26.89req/s] [内存消耗：1,519.78kb] [文件加载：53]
[ info ] [ LANG ] D:\phpstudy_pro\WWW\watchstore\thinkphp\lang\zh-cn.php
[ info ] [ ROUTE ] array (
  'rule' => 'captcha/<id?>',
  'route' => '\\think\\captcha\\CaptchaController@index',
  'option' => 
  array (
    'merge_rule_regex' => false,
  ),
  'var' => 
  array (
  ),
)
[ info ] [ HEADER ] array (
  'cookie' => 'PHPSESSID=0bpbn24jn0cs79l9r85bniej2a',
  'accept-language' => 'zh-CN,zh;q=0.9,en;q=0.8,zh-TW;q=0.7',
  'accept-encoding' => 'gzip, deflate',
  'referer' => 'http://www.mystore.com/show_login',
  'accept' => 'image/avif,image/webp,image/apng,image/*,*/*;q=0.8',
  'user-agent' => 'Mozilla/5.0 (Windows NT 10.0; Win64; x64) AppleWebKit/537.36 (KHTML, like Gecko) Chrome/85.0.4183.121 Safari/537.36',
  'connection' => 'close',
  'host' => 'www.mystore.com',
)
[ info ] [ PARAM ] array (
  'rand' => '1600996203',
)
---------------------------------------------------------------
[2020-09-25T09:10:11+08:00] 127.0.0.1 GET www.mystore.com/captcha?rand=1600996211
[运行时间：0.027497s] [吞吐率：36.37req/s] [内存消耗：1,519.78kb] [文件加载：53]
[ info ] [ LANG ] D:\phpstudy_pro\WWW\watchstore\thinkphp\lang\zh-cn.php
[ info ] [ ROUTE ] array (
  'rule' => 'captcha/<id?>',
  'route' => '\\think\\captcha\\CaptchaController@index',
  'option' => 
  array (
    'merge_rule_regex' => false,
  ),
  'var' => 
  array (
  ),
)
[ info ] [ HEADER ] array (
  'cookie' => 'PHPSESSID=0bpbn24jn0cs79l9r85bniej2a',
  'accept-language' => 'zh-CN,zh;q=0.9,en;q=0.8,zh-TW;q=0.7',
  'accept-encoding' => 'gzip, deflate',
  'referer' => 'http://www.mystore.com/show_login',
  'accept' => 'image/avif,image/webp,image/apng,image/*,*/*;q=0.8',
  'user-agent' => 'Mozilla/5.0 (Windows NT 10.0; Win64; x64) AppleWebKit/537.36 (KHTML, like Gecko) Chrome/85.0.4183.121 Safari/537.36',
  'connection' => 'close',
  'host' => 'www.mystore.com',
)
[ info ] [ PARAM ] array (
  'rand' => '1600996211',
)
---------------------------------------------------------------
[2020-09-25T09:10:13+08:00] 127.0.0.1 GET www.mystore.com/captcha?rand=1600996213
[运行时间：0.026419s] [吞吐率：37.85req/s] [内存消耗：1,519.78kb] [文件加载：53]
[ info ] [ LANG ] D:\phpstudy_pro\WWW\watchstore\thinkphp\lang\zh-cn.php
[ info ] [ ROUTE ] array (
  'rule' => 'captcha/<id?>',
  'route' => '\\think\\captcha\\CaptchaController@index',
  'option' => 
  array (
    'merge_rule_regex' => false,
  ),
  'var' => 
  array (
  ),
)
[ info ] [ HEADER ] array (
  'cookie' => 'PHPSESSID=0bpbn24jn0cs79l9r85bniej2a',
  'accept-language' => 'zh-CN,zh;q=0.9,en;q=0.8,zh-TW;q=0.7',
  'accept-encoding' => 'gzip, deflate',
  'referer' => 'http://www.mystore.com/show_login',
  'accept' => 'image/avif,image/webp,image/apng,image/*,*/*;q=0.8',
  'user-agent' => 'Mozilla/5.0 (Windows NT 10.0; Win64; x64) AppleWebKit/537.36 (KHTML, like Gecko) Chrome/85.0.4183.121 Safari/537.36',
  'connection' => 'close',
  'host' => 'www.mystore.com',
)
[ info ] [ PARAM ] array (
  'rand' => '1600996213',
)
---------------------------------------------------------------
[2020-09-25T09:10:17+08:00] 127.0.0.1 POST www.mystore.com/user_login
[运行时间：0.092847s] [吞吐率：10.77req/s] [内存消耗：3,333.84kb] [文件加载：76]
[ info ] [ LANG ] D:\phpstudy_pro\WWW\watchstore\thinkphp\lang\zh-cn.php
[ info ] [ ROUTE ] array (
  'rule' => 'user_login',
  'route' => 'user/user/user_login',
  'option' => 
  array (
    'merge_rule_regex' => false,
  ),
  'var' => 
  array (
  ),
)
[ info ] [ HEADER ] array (
  'cookie' => 'PHPSESSID=0bpbn24jn0cs79l9r85bniej2a',
  'accept-language' => 'zh-CN,zh;q=0.9,en;q=0.8,zh-TW;q=0.7',
  'accept-encoding' => 'gzip, deflate',
  'referer' => 'http://www.mystore.com/show_login',
  'origin' => 'http://www.mystore.com',
  'content-type' => 'application/x-www-form-urlencoded; charset=UTF-8',
  'user-agent' => 'Mozilla/5.0 (Windows NT 10.0; Win64; x64) AppleWebKit/537.36 (KHTML, like Gecko) Chrome/85.0.4183.121 Safari/537.36',
  'x-requested-with' => 'XMLHttpRequest',
  'accept' => '*/*',
  'content-length' => '38',
  'connection' => 'close',
  'host' => 'www.mystore.com',
)
[ info ] [ PARAM ] array (
  'username' => 'sam',
  'password' => '123456',
  'code' => 'qq3d',
)
[ info ] [ DB ] INIT mysql
[ sql ] [ DB ] CONNECT:[ UseTime:0.013894s ] mysql:host=127.0.0.1;port=3306;dbname=watchstore;charset=utf8
[ sql ] [ SQL ] SHOW COLUMNS FROM `user` [ RunTime:0.013229s ]
[ sql ] [ SQL ] SELECT * FROM `user` WHERE  `username` = 'sam'  AND `password` = '123456' LIMIT 1 [ RunTime:0.001056s ]
---------------------------------------------------------------
[2020-09-25T09:10:18+08:00] 127.0.0.1 GET www.mystore.com/show_index
[运行时间：0.499285s] [吞吐率：2.00req/s] [内存消耗：4,020.09kb] [文件加载：81]
[ info ] [ LANG ] D:\phpstudy_pro\WWW\watchstore\thinkphp\lang\zh-cn.php
[ info ] [ ROUTE ] array (
  'rule' => 'show_index',
  'route' => 'index/index/show_index',
  'option' => 
  array (
    'merge_rule_regex' => false,
  ),
  'var' => 
  array (
  ),
)
[ info ] [ HEADER ] array (
  'cookie' => 'PHPSESSID=0bpbn24jn0cs79l9r85bniej2a',
  'accept-language' => 'zh-CN,zh;q=0.9,en;q=0.8,zh-TW;q=0.7',
  'accept-encoding' => 'gzip, deflate',
  'referer' => 'http://www.mystore.com/show_login',
  'accept' => 'text/html,application/xhtml+xml,application/xml;q=0.9,image/avif,image/webp,image/apng,*/*;q=0.8,application/signed-exchange;v=b3;q=0.9',
  'user-agent' => 'Mozilla/5.0 (Windows NT 10.0; Win64; x64) AppleWebKit/537.36 (KHTML, like Gecko) Chrome/85.0.4183.121 Safari/537.36',
  'upgrade-insecure-requests' => '1',
  'connection' => 'close',
  'host' => 'www.mystore.com',
)
[ info ] [ PARAM ] array (
)
[ info ] [ DB ] INIT mysql
[ info ] [ VIEW ] D:\phpstudy_pro\WWW\watchstore\application\index\view\index\index.html [ array (
  0 => 'randWatch',
  1 => 'featureOne',
  2 => 'featureTwo',
  3 => 'type',
  4 => 'watches',
) ]
[ sql ] [ DB ] CONNECT:[ UseTime:0.009637s ] mysql:host=127.0.0.1;port=3306;dbname=watchstore;charset=utf8
[ sql ] [ SQL ] SHOW COLUMNS FROM `watch` [ RunTime:0.002895s ]
[ sql ] [ SQL ] SELECT * FROM `watch` ORDER BY rand() LIMIT 1 [ RunTime:0.001001s ]
[ sql ] [ SQL ] SELECT * FROM `watch` ORDER BY rand() LIMIT 10 [ RunTime:0.000880s ]
[ sql ] [ SQL ] SELECT * FROM `watch` ORDER BY rand() LIMIT 10 [ RunTime:0.000934s ]
[ sql ] [ SQL ] SELECT * FROM `watch` ORDER BY `date` DESC LIMIT 10 [ RunTime:0.000780s ]
---------------------------------------------------------------
[2020-09-25T09:10:18+08:00] 127.0.0.1 POST www.mystore.com/get_cart_info
[运行时间：0.033663s] [吞吐率：29.71req/s] [内存消耗：2,007.77kb] [文件加载：63]
[ info ] [ LANG ] D:\phpstudy_pro\WWW\watchstore\thinkphp\lang\zh-cn.php
[ info ] [ ROUTE ] array (
  'rule' => 'get_cart_info',
  'route' => 'product/product/get_cart_info',
  'option' => 
  array (
    'merge_rule_regex' => false,
  ),
  'var' => 
  array (
  ),
)
[ info ] [ HEADER ] array (
  'cookie' => 'PHPSESSID=0bpbn24jn0cs79l9r85bniej2a',
  'accept-language' => 'zh-CN,zh;q=0.9,en;q=0.8,zh-TW;q=0.7',
  'accept-encoding' => 'gzip, deflate',
  'referer' => 'http://www.mystore.com/show_index',
  'origin' => 'http://www.mystore.com',
  'x-requested-with' => 'XMLHttpRequest',
  'user-agent' => 'Mozilla/5.0 (Windows NT 10.0; Win64; x64) AppleWebKit/537.36 (KHTML, like Gecko) Chrome/85.0.4183.121 Safari/537.36',
  'accept' => '*/*',
  'content-length' => '0',
  'connection' => 'close',
  'host' => 'www.mystore.com',
)
[ info ] [ PARAM ] array (
)
---------------------------------------------------------------
[2020-09-25T09:10:19+08:00] 127.0.0.1 POST www.mystore.com/watch_header
[运行时间：0.076796s] [吞吐率：13.02req/s] [内存消耗：3,363.91kb] [文件加载：76]
[ info ] [ LANG ] D:\phpstudy_pro\WWW\watchstore\thinkphp\lang\zh-cn.php
[ info ] [ ROUTE ] array (
  'rule' => 'watch_header',
  'route' => 'product/product/watch_header',
  'option' => 
  array (
    'merge_rule_regex' => false,
  ),
  'var' => 
  array (
  ),
)
[ info ] [ HEADER ] array (
  'cookie' => 'PHPSESSID=0bpbn24jn0cs79l9r85bniej2a',
  'accept-language' => 'zh-CN,zh;q=0.9,en;q=0.8,zh-TW;q=0.7',
  'accept-encoding' => 'gzip, deflate',
  'referer' => 'http://www.mystore.com/show_index',
  'origin' => 'http://www.mystore.com',
  'x-requested-with' => 'XMLHttpRequest',
  'user-agent' => 'Mozilla/5.0 (Windows NT 10.0; Win64; x64) AppleWebKit/537.36 (KHTML, like Gecko) Chrome/85.0.4183.121 Safari/537.36',
  'accept' => '*/*',
  'content-length' => '0',
  'connection' => 'close',
  'host' => 'www.mystore.com',
)
[ info ] [ PARAM ] array (
)
[ info ] [ DB ] INIT mysql
[ sql ] [ DB ] CONNECT:[ UseTime:0.011779s ] mysql:host=127.0.0.1;port=3306;dbname=watchstore;charset=utf8
[ sql ] [ SQL ] SHOW COLUMNS FROM `watch` [ RunTime:0.002212s ]
[ sql ] [ SQL ] SELECT DISTINCT  `type` FROM `watch` LIMIT 4 [ RunTime:0.000565s ]
[ sql ] [ SQL ] SELECT `bname`,`bid` FROM `watch` WHERE  `type` = '电子表' [ RunTime:0.000599s ]
[ sql ] [ SQL ] SELECT `bname`,`bid` FROM `watch` WHERE  `type` = '石英表' [ RunTime:0.000588s ]
[ sql ] [ SQL ] SELECT `bname`,`bid` FROM `watch` WHERE  `type` = '机械表' [ RunTime:0.000540s ]
[ sql ] [ SQL ] SELECT `bname`,`bid` FROM `watch` WHERE  `type` = '智能手表' [ RunTime:0.000525s ]
[ sql ] [ SQL ] SELECT DISTINCT  `type` FROM `watch` LIMIT 4 [ RunTime:0.000539s ]
[ sql ] [ SQL ] SELECT `bname`,`bid`,`date` FROM `watch` WHERE  `type` = '电子表' ORDER BY `date` DESC [ RunTime:0.000569s ]
[ sql ] [ SQL ] SELECT `bname`,`bid`,`date` FROM `watch` WHERE  `type` = '石英表' ORDER BY `date` DESC [ RunTime:0.000574s ]
[ sql ] [ SQL ] SELECT `bname`,`bid`,`date` FROM `watch` WHERE  `type` = '机械表' ORDER BY `date` DESC [ RunTime:0.000552s ]
[ sql ] [ SQL ] SELECT `bname`,`bid`,`date` FROM `watch` WHERE  `type` = '智能手表' ORDER BY `date` DESC [ RunTime:0.000622s ]
[ sql ] [ SQL ] SELECT DISTINCT  `type` FROM `watch` LIMIT 3 [ RunTime:0.000795s ]
[ sql ] [ SQL ] SELECT `bname`,`bid`,`sell` FROM `watch` WHERE  `type` = '电子表' ORDER BY `sell` DESC [ RunTime:0.000576s ]
[ sql ] [ SQL ] SELECT `bname`,`bid`,`sell` FROM `watch` WHERE  `type` = '石英表' ORDER BY `sell` DESC [ RunTime:0.000578s ]
[ sql ] [ SQL ] SELECT `bname`,`bid`,`sell` FROM `watch` WHERE  `type` = '机械表' ORDER BY `sell` DESC [ RunTime:0.000554s ]
---------------------------------------------------------------
[2020-09-25T09:10:20+08:00] 127.0.0.1 GET www.mystore.com/upload/img/undefined
[运行时间：0.279775s] [吞吐率：3.57req/s] [内存消耗：1,619.92kb] [文件加载：53]
[ info ] [ LANG ] D:\phpstudy_pro\WWW\watchstore\thinkphp\lang\zh-cn.php
---------------------------------------------------------------
[2020-09-25T09:10:24+08:00] 127.0.0.1 GET www.mystore.com/show_user_center
[运行时间：0.250545s] [吞吐率：3.99req/s] [内存消耗：3,564.08kb] [文件加载：80]
[ info ] [ LANG ] D:\phpstudy_pro\WWW\watchstore\thinkphp\lang\zh-cn.php
[ info ] [ ROUTE ] array (
  'rule' => 'show_user_center',
  'route' => 'user/user/show_user_center',
  'option' => 
  array (
    'merge_rule_regex' => false,
  ),
  'var' => 
  array (
  ),
)
[ info ] [ HEADER ] array (
  'cookie' => 'PHPSESSID=0bpbn24jn0cs79l9r85bniej2a',
  'accept-language' => 'zh-CN,zh;q=0.9,en;q=0.8,zh-TW;q=0.7',
  'accept-encoding' => 'gzip, deflate',
  'referer' => 'http://www.mystore.com/show_index',
  'accept' => 'text/html,application/xhtml+xml,application/xml;q=0.9,image/avif,image/webp,image/apng,*/*;q=0.8,application/signed-exchange;v=b3;q=0.9',
  'user-agent' => 'Mozilla/5.0 (Windows NT 10.0; Win64; x64) AppleWebKit/537.36 (KHTML, like Gecko) Chrome/85.0.4183.121 Safari/537.36',
  'upgrade-insecure-requests' => '1',
  'connection' => 'close',
  'host' => 'www.mystore.com',
)
[ info ] [ PARAM ] array (
)
[ info ] [ DB ] INIT mysql
[ info ] [ VIEW ] D:\phpstudy_pro\WWW\watchstore\application\user\view\user\user_center.html [ array (
  0 => 'user',
  1 => 'address',
) ]
[ sql ] [ DB ] CONNECT:[ UseTime:0.022475s ] mysql:host=127.0.0.1;port=3306;dbname=watchstore;charset=utf8
[ sql ] [ SQL ] SHOW COLUMNS FROM `user` [ RunTime:0.002307s ]
[ sql ] [ SQL ] SELECT * FROM `user` WHERE  `uid` = 2 LIMIT 1 [ RunTime:0.000613s ]
[ sql ] [ SQL ] SHOW COLUMNS FROM `user_address` [ RunTime:0.022489s ]
[ sql ] [ SQL ] SELECT * FROM `user_address` WHERE  `h_a_id` = 2 LIMIT 1 [ RunTime:0.001472s ]
---------------------------------------------------------------
[2020-09-25T09:10:24+08:00] 127.0.0.1 POST www.mystore.com/get_cart_info
[运行时间：0.034734s] [吞吐率：28.79req/s] [内存消耗：2,007.77kb] [文件加载：63]
[ info ] [ LANG ] D:\phpstudy_pro\WWW\watchstore\thinkphp\lang\zh-cn.php
[ info ] [ ROUTE ] array (
  'rule' => 'get_cart_info',
  'route' => 'product/product/get_cart_info',
  'option' => 
  array (
    'merge_rule_regex' => false,
  ),
  'var' => 
  array (
  ),
)
[ info ] [ HEADER ] array (
  'cookie' => 'PHPSESSID=0bpbn24jn0cs79l9r85bniej2a',
  'accept-language' => 'zh-CN,zh;q=0.9,en;q=0.8,zh-TW;q=0.7',
  'accept-encoding' => 'gzip, deflate',
  'referer' => 'http://www.mystore.com/show_user_center',
  'origin' => 'http://www.mystore.com',
  'x-requested-with' => 'XMLHttpRequest',
  'user-agent' => 'Mozilla/5.0 (Windows NT 10.0; Win64; x64) AppleWebKit/537.36 (KHTML, like Gecko) Chrome/85.0.4183.121 Safari/537.36',
  'accept' => '*/*',
  'content-length' => '0',
  'connection' => 'close',
  'host' => 'www.mystore.com',
)
[ info ] [ PARAM ] array (
)
---------------------------------------------------------------
[2020-09-25T09:10:24+08:00] 127.0.0.1 POST www.mystore.com/watch_header
[运行时间：0.068639s] [吞吐率：14.57req/s] [内存消耗：3,363.91kb] [文件加载：76]
[ info ] [ LANG ] D:\phpstudy_pro\WWW\watchstore\thinkphp\lang\zh-cn.php
[ info ] [ ROUTE ] array (
  'rule' => 'watch_header',
  'route' => 'product/product/watch_header',
  'option' => 
  array (
    'merge_rule_regex' => false,
  ),
  'var' => 
  array (
  ),
)
[ info ] [ HEADER ] array (
  'cookie' => 'PHPSESSID=0bpbn24jn0cs79l9r85bniej2a',
  'accept-language' => 'zh-CN,zh;q=0.9,en;q=0.8,zh-TW;q=0.7',
  'accept-encoding' => 'gzip, deflate',
  'referer' => 'http://www.mystore.com/show_user_center',
  'origin' => 'http://www.mystore.com',
  'x-requested-with' => 'XMLHttpRequest',
  'user-agent' => 'Mozilla/5.0 (Windows NT 10.0; Win64; x64) AppleWebKit/537.36 (KHTML, like Gecko) Chrome/85.0.4183.121 Safari/537.36',
  'accept' => '*/*',
  'content-length' => '0',
  'connection' => 'close',
  'host' => 'www.mystore.com',
)
[ info ] [ PARAM ] array (
)
[ info ] [ DB ] INIT mysql
[ sql ] [ DB ] CONNECT:[ UseTime:0.001320s ] mysql:host=127.0.0.1;port=3306;dbname=watchstore;charset=utf8
[ sql ] [ SQL ] SHOW COLUMNS FROM `watch` [ RunTime:0.002609s ]
[ sql ] [ SQL ] SELECT DISTINCT  `type` FROM `watch` LIMIT 4 [ RunTime:0.000613s ]
[ sql ] [ SQL ] SELECT `bname`,`bid` FROM `watch` WHERE  `type` = '电子表' [ RunTime:0.000622s ]
[ sql ] [ SQL ] SELECT `bname`,`bid` FROM `watch` WHERE  `type` = '石英表' [ RunTime:0.000599s ]
[ sql ] [ SQL ] SELECT `bname`,`bid` FROM `watch` WHERE  `type` = '机械表' [ RunTime:0.000658s ]
[ sql ] [ SQL ] SELECT `bname`,`bid` FROM `watch` WHERE  `type` = '智能手表' [ RunTime:0.000640s ]
[ sql ] [ SQL ] SELECT DISTINCT  `type` FROM `watch` LIMIT 4 [ RunTime:0.000522s ]
[ sql ] [ SQL ] SELECT `bname`,`bid`,`date` FROM `watch` WHERE  `type` = '电子表' ORDER BY `date` DESC [ RunTime:0.000658s ]
[ sql ] [ SQL ] SELECT `bname`,`bid`,`date` FROM `watch` WHERE  `type` = '石英表' ORDER BY `date` DESC [ RunTime:0.000655s ]
[ sql ] [ SQL ] SELECT `bname`,`bid`,`date` FROM `watch` WHERE  `type` = '机械表' ORDER BY `date` DESC [ RunTime:0.000577s ]
[ sql ] [ SQL ] SELECT `bname`,`bid`,`date` FROM `watch` WHERE  `type` = '智能手表' ORDER BY `date` DESC [ RunTime:0.000567s ]
[ sql ] [ SQL ] SELECT DISTINCT  `type` FROM `watch` LIMIT 3 [ RunTime:0.000521s ]
[ sql ] [ SQL ] SELECT `bname`,`bid`,`sell` FROM `watch` WHERE  `type` = '电子表' ORDER BY `sell` DESC [ RunTime:0.000564s ]
[ sql ] [ SQL ] SELECT `bname`,`bid`,`sell` FROM `watch` WHERE  `type` = '石英表' ORDER BY `sell` DESC [ RunTime:0.000580s ]
[ sql ] [ SQL ] SELECT `bname`,`bid`,`sell` FROM `watch` WHERE  `type` = '机械表' ORDER BY `sell` DESC [ RunTime:0.000664s ]
---------------------------------------------------------------
[2020-09-25T09:14:13+08:00] 127.0.0.1 GET www.mystore.com/show_plist
[运行时间：0.447075s] [吞吐率：2.24req/s] [内存消耗：3,992.77kb] [文件加载：82]
[ info ] [ LANG ] D:\phpstudy_pro\WWW\watchstore\thinkphp\lang\zh-cn.php
[ info ] [ ROUTE ] array (
  'rule' => 'show_plist',
  'route' => 'product/product/show_plist',
  'option' => 
  array (
    'merge_rule_regex' => false,
  ),
  'var' => 
  array (
  ),
)
[ info ] [ HEADER ] array (
  'cookie' => 'PHPSESSID=0bpbn24jn0cs79l9r85bniej2a',
  'accept-language' => 'zh-CN,zh;q=0.9,en;q=0.8,zh-TW;q=0.7',
  'accept-encoding' => 'gzip, deflate',
  'referer' => 'http://www.mystore.com/show_user_center',
  'accept' => 'text/html,application/xhtml+xml,application/xml;q=0.9,image/avif,image/webp,image/apng,*/*;q=0.8,application/signed-exchange;v=b3;q=0.9',
  'user-agent' => 'Mozilla/5.0 (Windows NT 10.0; Win64; x64) AppleWebKit/537.36 (KHTML, like Gecko) Chrome/85.0.4183.121 Safari/537.36',
  'upgrade-insecure-requests' => '1',
  'connection' => 'close',
  'host' => 'www.mystore.com',
)
[ info ] [ PARAM ] array (
)
[ info ] [ DB ] INIT mysql
[ info ] [ VIEW ] D:\phpstudy_pro\WWW\watchstore\application\product\view\product\plist.html [ array (
  0 => 'catalog_list',
  1 => 'watchOrderData',
  2 => 'watchData',
) ]
[ sql ] [ DB ] CONNECT:[ UseTime:0.017789s ] mysql:host=127.0.0.1;port=3306;dbname=watchstore;charset=utf8
[ sql ] [ SQL ] SHOW COLUMNS FROM `watch` [ RunTime:0.002524s ]
[ sql ] [ SQL ] SELECT DISTINCT  `type` FROM `watch` LIMIT 6 [ RunTime:0.000635s ]
[ sql ] [ SQL ] SELECT COUNT(`type`) AS tp_count FROM `watch` WHERE  `type` = '电子表' LIMIT 1 [ RunTime:0.005156s ]
[ sql ] [ SQL ] SELECT COUNT(`type`) AS tp_count FROM `watch` WHERE  `type` = '石英表' LIMIT 1 [ RunTime:0.000559s ]
[ sql ] [ SQL ] SELECT COUNT(`type`) AS tp_count FROM `watch` WHERE  `type` = '机械表' LIMIT 1 [ RunTime:0.000560s ]
[ sql ] [ SQL ] SELECT COUNT(`type`) AS tp_count FROM `watch` WHERE  `type` = '智能手表' LIMIT 1 [ RunTime:0.000686s ]
[ sql ] [ SQL ] SELECT * FROM `watch` ORDER BY `sell` DESC LIMIT 8 [ RunTime:0.000651s ]
[ sql ] [ SQL ] SELECT COUNT(*) AS tp_count FROM `watch` LIMIT 1 [ RunTime:0.001096s ]
[ sql ] [ SQL ] SELECT * FROM `watch` LIMIT 0,10 [ RunTime:0.001027s ]
---------------------------------------------------------------
[2020-09-25T09:14:14+08:00] 127.0.0.1 POST www.mystore.com/get_cart_info
[运行时间：0.038624s] [吞吐率：25.89req/s] [内存消耗：2,007.77kb] [文件加载：63]
[ info ] [ LANG ] D:\phpstudy_pro\WWW\watchstore\thinkphp\lang\zh-cn.php
[ info ] [ ROUTE ] array (
  'rule' => 'get_cart_info',
  'route' => 'product/product/get_cart_info',
  'option' => 
  array (
    'merge_rule_regex' => false,
  ),
  'var' => 
  array (
  ),
)
[ info ] [ HEADER ] array (
  'cookie' => 'PHPSESSID=0bpbn24jn0cs79l9r85bniej2a',
  'accept-language' => 'zh-CN,zh;q=0.9,en;q=0.8,zh-TW;q=0.7',
  'accept-encoding' => 'gzip, deflate',
  'referer' => 'http://www.mystore.com/show_plist',
  'origin' => 'http://www.mystore.com',
  'x-requested-with' => 'XMLHttpRequest',
  'user-agent' => 'Mozilla/5.0 (Windows NT 10.0; Win64; x64) AppleWebKit/537.36 (KHTML, like Gecko) Chrome/85.0.4183.121 Safari/537.36',
  'accept' => '*/*',
  'content-length' => '0',
  'connection' => 'close',
  'host' => 'www.mystore.com',
)
[ info ] [ PARAM ] array (
)
---------------------------------------------------------------
[2020-09-25T09:14:14+08:00] 127.0.0.1 POST www.mystore.com/watch_header
[运行时间：0.075949s] [吞吐率：13.17req/s] [内存消耗：3,363.91kb] [文件加载：76]
[ info ] [ LANG ] D:\phpstudy_pro\WWW\watchstore\thinkphp\lang\zh-cn.php
[ info ] [ ROUTE ] array (
  'rule' => 'watch_header',
  'route' => 'product/product/watch_header',
  'option' => 
  array (
    'merge_rule_regex' => false,
  ),
  'var' => 
  array (
  ),
)
[ info ] [ HEADER ] array (
  'cookie' => 'PHPSESSID=0bpbn24jn0cs79l9r85bniej2a',
  'accept-language' => 'zh-CN,zh;q=0.9,en;q=0.8,zh-TW;q=0.7',
  'accept-encoding' => 'gzip, deflate',
  'referer' => 'http://www.mystore.com/show_plist',
  'origin' => 'http://www.mystore.com',
  'x-requested-with' => 'XMLHttpRequest',
  'user-agent' => 'Mozilla/5.0 (Windows NT 10.0; Win64; x64) AppleWebKit/537.36 (KHTML, like Gecko) Chrome/85.0.4183.121 Safari/537.36',
  'accept' => '*/*',
  'content-length' => '0',
  'connection' => 'close',
  'host' => 'www.mystore.com',
)
[ info ] [ PARAM ] array (
)
[ info ] [ DB ] INIT mysql
[ sql ] [ DB ] CONNECT:[ UseTime:0.010458s ] mysql:host=127.0.0.1;port=3306;dbname=watchstore;charset=utf8
[ sql ] [ SQL ] SHOW COLUMNS FROM `watch` [ RunTime:0.002272s ]
[ sql ] [ SQL ] SELECT DISTINCT  `type` FROM `watch` LIMIT 4 [ RunTime:0.000667s ]
[ sql ] [ SQL ] SELECT `bname`,`bid` FROM `watch` WHERE  `type` = '电子表' [ RunTime:0.000616s ]
[ sql ] [ SQL ] SELECT `bname`,`bid` FROM `watch` WHERE  `type` = '石英表' [ RunTime:0.000563s ]
[ sql ] [ SQL ] SELECT `bname`,`bid` FROM `watch` WHERE  `type` = '机械表' [ RunTime:0.000528s ]
[ sql ] [ SQL ] SELECT `bname`,`bid` FROM `watch` WHERE  `type` = '智能手表' [ RunTime:0.000554s ]
[ sql ] [ SQL ] SELECT DISTINCT  `type` FROM `watch` LIMIT 4 [ RunTime:0.000800s ]
[ sql ] [ SQL ] SELECT `bname`,`bid`,`date` FROM `watch` WHERE  `type` = '电子表' ORDER BY `date` DESC [ RunTime:0.000729s ]
[ sql ] [ SQL ] SELECT `bname`,`bid`,`date` FROM `watch` WHERE  `type` = '石英表' ORDER BY `date` DESC [ RunTime:0.000588s ]
[ sql ] [ SQL ] SELECT `bname`,`bid`,`date` FROM `watch` WHERE  `type` = '机械表' ORDER BY `date` DESC [ RunTime:0.000578s ]
[ sql ] [ SQL ] SELECT `bname`,`bid`,`date` FROM `watch` WHERE  `type` = '智能手表' ORDER BY `date` DESC [ RunTime:0.000596s ]
[ sql ] [ SQL ] SELECT DISTINCT  `type` FROM `watch` LIMIT 3 [ RunTime:0.000555s ]
[ sql ] [ SQL ] SELECT `bname`,`bid`,`sell` FROM `watch` WHERE  `type` = '电子表' ORDER BY `sell` DESC [ RunTime:0.000590s ]
[ sql ] [ SQL ] SELECT `bname`,`bid`,`sell` FROM `watch` WHERE  `type` = '石英表' ORDER BY `sell` DESC [ RunTime:0.000598s ]
[ sql ] [ SQL ] SELECT `bname`,`bid`,`sell` FROM `watch` WHERE  `type` = '机械表' ORDER BY `sell` DESC [ RunTime:0.000552s ]
---------------------------------------------------------------
[2020-09-25T09:14:14+08:00] 127.0.0.1 GET www.mystore.com/upload/img/undefined
[运行时间：0.053792s] [吞吐率：18.59req/s] [内存消耗：1,619.92kb] [文件加载：53]
[ info ] [ LANG ] D:\phpstudy_pro\WWW\watchstore\thinkphp\lang\zh-cn.php
---------------------------------------------------------------
[2020-09-25T09:14:15+08:00] 127.0.0.1 GET www.mystore.com/show_user_center
[运行时间：0.211142s] [吞吐率：4.74req/s] [内存消耗：3,564.08kb] [文件加载：80]
[ info ] [ LANG ] D:\phpstudy_pro\WWW\watchstore\thinkphp\lang\zh-cn.php
[ info ] [ ROUTE ] array (
  'rule' => 'show_user_center',
  'route' => 'user/user/show_user_center',
  'option' => 
  array (
    'merge_rule_regex' => false,
  ),
  'var' => 
  array (
  ),
)
[ info ] [ HEADER ] array (
  'cookie' => 'PHPSESSID=0bpbn24jn0cs79l9r85bniej2a',
  'accept-language' => 'zh-CN,zh;q=0.9,en;q=0.8,zh-TW;q=0.7',
  'accept-encoding' => 'gzip, deflate',
  'referer' => 'http://www.mystore.com/show_index',
  'accept' => 'text/html,application/xhtml+xml,application/xml;q=0.9,image/avif,image/webp,image/apng,*/*;q=0.8,application/signed-exchange;v=b3;q=0.9',
  'user-agent' => 'Mozilla/5.0 (Windows NT 10.0; Win64; x64) AppleWebKit/537.36 (KHTML, like Gecko) Chrome/85.0.4183.121 Safari/537.36',
  'upgrade-insecure-requests' => '1',
  'connection' => 'close',
  'host' => 'www.mystore.com',
)
[ info ] [ PARAM ] array (
)
[ info ] [ DB ] INIT mysql
[ info ] [ VIEW ] D:\phpstudy_pro\WWW\watchstore\application\user\view\user\user_center.html [ array (
  0 => 'user',
  1 => 'address',
) ]
[ sql ] [ DB ] CONNECT:[ UseTime:0.019233s ] mysql:host=127.0.0.1;port=3306;dbname=watchstore;charset=utf8
[ sql ] [ SQL ] SHOW COLUMNS FROM `user` [ RunTime:0.002222s ]
[ sql ] [ SQL ] SELECT * FROM `user` WHERE  `uid` = 2 LIMIT 1 [ RunTime:0.000597s ]
[ sql ] [ SQL ] SHOW COLUMNS FROM `user_address` [ RunTime:0.002398s ]
[ sql ] [ SQL ] SELECT * FROM `user_address` WHERE  `h_a_id` = 2 LIMIT 1 [ RunTime:0.000562s ]
---------------------------------------------------------------
[2020-09-25T09:14:15+08:00] 127.0.0.1 POST www.mystore.com/get_cart_info
[运行时间：0.037217s] [吞吐率：26.87req/s] [内存消耗：2,007.77kb] [文件加载：63]
[ info ] [ LANG ] D:\phpstudy_pro\WWW\watchstore\thinkphp\lang\zh-cn.php
[ info ] [ ROUTE ] array (
  'rule' => 'get_cart_info',
  'route' => 'product/product/get_cart_info',
  'option' => 
  array (
    'merge_rule_regex' => false,
  ),
  'var' => 
  array (
  ),
)
[ info ] [ HEADER ] array (
  'cookie' => 'PHPSESSID=0bpbn24jn0cs79l9r85bniej2a',
  'accept-language' => 'zh-CN,zh;q=0.9,en;q=0.8,zh-TW;q=0.7',
  'accept-encoding' => 'gzip, deflate',
  'referer' => 'http://www.mystore.com/show_user_center',
  'origin' => 'http://www.mystore.com',
  'x-requested-with' => 'XMLHttpRequest',
  'user-agent' => 'Mozilla/5.0 (Windows NT 10.0; Win64; x64) AppleWebKit/537.36 (KHTML, like Gecko) Chrome/85.0.4183.121 Safari/537.36',
  'accept' => '*/*',
  'content-length' => '0',
  'connection' => 'close',
  'host' => 'www.mystore.com',
)
[ info ] [ PARAM ] array (
)
---------------------------------------------------------------
[2020-09-25T09:14:15+08:00] 127.0.0.1 POST www.mystore.com/watch_header
[运行时间：0.084864s] [吞吐率：11.78req/s] [内存消耗：3,363.91kb] [文件加载：76]
[ info ] [ LANG ] D:\phpstudy_pro\WWW\watchstore\thinkphp\lang\zh-cn.php
[ info ] [ ROUTE ] array (
  'rule' => 'watch_header',
  'route' => 'product/product/watch_header',
  'option' => 
  array (
    'merge_rule_regex' => false,
  ),
  'var' => 
  array (
  ),
)
[ info ] [ HEADER ] array (
  'cookie' => 'PHPSESSID=0bpbn24jn0cs79l9r85bniej2a',
  'accept-language' => 'zh-CN,zh;q=0.9,en;q=0.8,zh-TW;q=0.7',
  'accept-encoding' => 'gzip, deflate',
  'referer' => 'http://www.mystore.com/show_user_center',
  'origin' => 'http://www.mystore.com',
  'x-requested-with' => 'XMLHttpRequest',
  'user-agent' => 'Mozilla/5.0 (Windows NT 10.0; Win64; x64) AppleWebKit/537.36 (KHTML, like Gecko) Chrome/85.0.4183.121 Safari/537.36',
  'accept' => '*/*',
  'content-length' => '0',
  'connection' => 'close',
  'host' => 'www.mystore.com',
)
[ info ] [ PARAM ] array (
)
[ info ] [ DB ] INIT mysql
[ sql ] [ DB ] CONNECT:[ UseTime:0.012893s ] mysql:host=127.0.0.1;port=3306;dbname=watchstore;charset=utf8
[ sql ] [ SQL ] SHOW COLUMNS FROM `watch` [ RunTime:0.002592s ]
[ sql ] [ SQL ] SELECT DISTINCT  `type` FROM `watch` LIMIT 4 [ RunTime:0.000620s ]
[ sql ] [ SQL ] SELECT `bname`,`bid` FROM `watch` WHERE  `type` = '电子表' [ RunTime:0.000565s ]
[ sql ] [ SQL ] SELECT `bname`,`bid` FROM `watch` WHERE  `type` = '石英表' [ RunTime:0.000527s ]
[ sql ] [ SQL ] SELECT `bname`,`bid` FROM `watch` WHERE  `type` = '机械表' [ RunTime:0.000571s ]
[ sql ] [ SQL ] SELECT `bname`,`bid` FROM `watch` WHERE  `type` = '智能手表' [ RunTime:0.000559s ]
[ sql ] [ SQL ] SELECT DISTINCT  `type` FROM `watch` LIMIT 4 [ RunTime:0.000847s ]
[ sql ] [ SQL ] SELECT `bname`,`bid`,`date` FROM `watch` WHERE  `type` = '电子表' ORDER BY `date` DESC [ RunTime:0.000612s ]
[ sql ] [ SQL ] SELECT `bname`,`bid`,`date` FROM `watch` WHERE  `type` = '石英表' ORDER BY `date` DESC [ RunTime:0.000579s ]
[ sql ] [ SQL ] SELECT `bname`,`bid`,`date` FROM `watch` WHERE  `type` = '机械表' ORDER BY `date` DESC [ RunTime:0.000582s ]
[ sql ] [ SQL ] SELECT `bname`,`bid`,`date` FROM `watch` WHERE  `type` = '智能手表' ORDER BY `date` DESC [ RunTime:0.000572s ]
[ sql ] [ SQL ] SELECT DISTINCT  `type` FROM `watch` LIMIT 3 [ RunTime:0.000537s ]
[ sql ] [ SQL ] SELECT `bname`,`bid`,`sell` FROM `watch` WHERE  `type` = '电子表' ORDER BY `sell` DESC [ RunTime:0.000600s ]
[ sql ] [ SQL ] SELECT `bname`,`bid`,`sell` FROM `watch` WHERE  `type` = '石英表' ORDER BY `sell` DESC [ RunTime:0.000555s ]
[ sql ] [ SQL ] SELECT `bname`,`bid`,`sell` FROM `watch` WHERE  `type` = '机械表' ORDER BY `sell` DESC [ RunTime:0.000589s ]
